17:26:17 **** Rebuild of configuration Debug for project pruebaTp3 ****
Info: Internal Builder is used for build
gcc -O0 -g3 -Wall -c -fmessage-length=0 -o Employee.o "..\\Employee.c" 
gcc -O0 -g3 -Wall -c -fmessage-length=0 -o parser.o "..\\parser.c" 
gcc -O0 -g3 -Wall -c -fmessage-length=0 -o main.o "..\\main.c" 
..\main.c: In function 'main':
..\main.c:67:5: warning: 'opcion' is used uninitialized in this function [-Wuninitialized]
   67 |     }while(opcion != 10);
      |     ^
gcc -O0 -g3 -Wall -c -fmessage-length=0 -o Controller.o "..\\Controller.c" 
gcc -O0 -g3 -Wall -c -fmessage-length=0 -o utn.o "..\\utn.c" 
gcc "-LC:\\Users\\nicol\\OneDrive\\Desktop\\tp3_windows" -o pruebaTp3.exe Controller.o Employee.o main.o parser.o utn.o -lLinkedList 
17:27:34 **** Incremental Build of configuration Debug for project pruebaTp3 ****
Info: Internal Builder is used for build
gcc -O0 -g3 -Wall -c -fmessage-length=0 -o main.o "..\\main.c" 
..\main.c: In function 'main':
..\main.c:67:5: warning: 'opcion' is used uninitialized in this function [-Wuninitialized]
   67 |     }while(opcion != 10);
      |     ^
gcc "-LC:\\Users\\nicol\\OneDrive\\Desktop\\tp3_windows" -o pruebaTp3.exe Controller.o Employee.o main.o parser.o utn.o -lLinkedList 
Info: Nothing to build for pruebaTp3
Info: Nothing to build for pruebaTp3
Info: Nothing to build for pruebaTp3
17:31:07 **** Incremental Build of configuration Debug for project pruebaTp3 ****
Info: Internal Builder is used for build
gcc -O0 -g3 -Wall -c -fmessage-length=0 -o main.o "..\\main.c" 
..\main.c: In function 'main':
..\main.c:67:5: warning: 'opcion' is used uninitialized in this function [-Wuninitialized]
   67 |     }while(opcion != 10);
      |     ^
gcc "-LC:\\Users\\nicol\\OneDrive\\Desktop\\tp3_windows" -o pruebaTp3.exe Controller.o Employee.o main.o parser.o utn.o -lLinkedList 
Info: Nothing to build for pruebaTp3
17:37:54 **** Incremental Build of configuration Debug for project pruebaTp3 ****
Info: Internal Builder is used for build
gcc -O0 -g3 -Wall -c -fmessage-length=0 -o Controller.o "..\\Controller.c" 
gcc -O0 -g3 -Wall -c -fmessage-length=0 -o main.o "..\\main.c" 
..\main.c: In function 'main':
..\main.c:27:9: warning: unused variable 'opcion' [-Wunused-variable]
   27 |     int opcion;
      |         ^~~~~~
gcc "-LC:\\Users\\nicol\\OneDrive\\Desktop\\tp3_windows" -o pruebaTp3.exe Controller.o Employee.o main.o parser.o utn.o -lLinkedList 
17:38:12 **** Incremental Build of configuration Debug for project pruebaTp3 ****
Info: Internal Builder is used for build
gcc -O0 -g3 -Wall -c -fmessage-length=0 -o main.o "..\\main.c" 
gcc "-LC:\\Users\\nicol\\OneDrive\\Desktop\\tp3_windows" -o pruebaTp3.exe Controller.o Employee.o main.o parser.o utn.o -lLinkedList 
Info: Nothing to build for pruebaTp3
17:38:41 **** Incremental Build of configuration Debug for project pruebaTp3 ****
Info: Internal Builder is used for build
gcc -O0 -g3 -Wall -c -fmessage-length=0 -o main.o "..\\main.c" 
gcc "-LC:\\Users\\nicol\\OneDrive\\Desktop\\tp3_windows" -o pruebaTp3.exe Controller.o Employee.o main.o parser.o utn.o -lLinkedList 
Info: Nothing to build for pruebaTp3
17:39:20 **** Incremental Build of configuration Debug for project pruebaTp3 ****
Info: Internal Builder is used for build
gcc -O0 -g3 -Wall -c -fmessage-length=0 -o main.o "..\\main.c" 
gcc "-LC:\\Users\\nicol\\OneDrive\\Desktop\\tp3_windows" -o pruebaTp3.exe Controller.o Employee.o main.o parser.o utn.o -lLinkedList 
Info: Nothing to build for pruebaTp3
18:32:26 **** Incremental Build of configuration Debug for project pruebaTp3 ****
Info: Internal Builder is used for build
gcc -O0 -g3 -Wall -c -fmessage-length=0 -o main.o "..\\main.c" 
gcc -O0 -g3 -Wall -c -fmessage-length=0 -o Controller.o "..\\Controller.c" 
..\Controller.c: In function 'controller_saveAsBinary':
..\Controller.c:328:7: warning: unused variable 'nombre' [-Wunused-variable]
  328 |  char nombre[NOMBRE_LEN];
      |       ^~~~~~
..\Controller.c:327:6: warning: unused variable 'sueldo' [-Wunused-variable]
  327 |  int sueldo;
      |      ^~~~~~
..\Controller.c:326:6: warning: unused variable 'horasTrabajadas' [-Wunused-variable]
  326 |  int horasTrabajadas;
      |      ^~~~~~~~~~~~~~~
..\Controller.c:325:6: warning: unused variable 'id' [-Wunused-variable]
  325 |  int id;
      |      ^~
gcc "-LC:\\Users\\nicol\\OneDrive\\Desktop\\tp3_windows" -o pruebaTp3.exe Controller.o Employee.o main.o parser.o utn.o -lLinkedList 
18:32:41 **** Incremental Build of configuration Debug for project pruebaTp3 ****
Info: Internal Builder is used for build
gcc -O0 -g3 -Wall -c -fmessage-length=0 -o Controller.o "..\\Controller.c" 
gcc "-LC:\\Users\\nicol\\OneDrive\\Desktop\\tp3_windows" -o pruebaTp3.exe Controller.o Employee.o main.o parser.o utn.o -lLinkedList 
Info: Nothing to build for pruebaTp3
18:35:24 **** Incremental Build of configuration Debug for project pruebaTp3 ****
Info: Internal Builder is used for build
gcc -O0 -g3 -Wall -c -fmessage-length=0 -o Controller.o "..\\Controller.c" 
gcc "-LC:\\Users\\nicol\\OneDrive\\Desktop\\tp3_windows" -o pruebaTp3.exe Controller.o Employee.o main.o parser.o utn.o -lLinkedList 
Info: Nothing to build for pruebaTp3
18:38:02 **** Incremental Build of configuration Debug for project pruebaTp3 ****
Info: Internal Builder is used for build
gcc -O0 -g3 -Wall -c -fmessage-length=0 -o Employee.o "..\\Employee.c" 
gcc "-LC:\\Users\\nicol\\OneDrive\\Desktop\\tp3_windows" -o pruebaTp3.exe Controller.o Employee.o main.o parser.o utn.o -lLinkedList 
Info: Nothing to build for pruebaTp3
18:39:13 **** Incremental Build of configuration Debug for project pruebaTp3 ****
Info: Internal Builder is used for build
gcc -O0 -g3 -Wall -c -fmessage-length=0 -o main.o "..\\main.c" 
gcc -O0 -g3 -Wall -c -fmessage-length=0 -o Controller.o "..\\Controller.c" 
gcc "-LC:\\Users\\nicol\\OneDrive\\Desktop\\tp3_windows" -o pruebaTp3.exe Controller.o Employee.o main.o parser.o utn.o -lLinkedList 
Info: Nothing to build for pruebaTp3
Info: Nothing to build for pruebaTp3
18:42:43 **** Incremental Build of configuration Debug for project pruebaTp3 ****
Info: Internal Builder is used for build
gcc -O0 -g3 -Wall -c -fmessage-length=0 -o Employee.o "..\\Employee.c" 
gcc "-LC:\\Users\\nicol\\OneDrive\\Desktop\\tp3_windows" -o pruebaTp3.exe Controller.o Employee.o main.o parser.o utn.o -lLinkedList 
Info: Nothing to build for pruebaTp3
18:43:38 **** Incremental Build of configuration Debug for project pruebaTp3 ****
Info: Internal Builder is used for build
gcc -O0 -g3 -Wall -c -fmessage-length=0 -o parser.o "..\\parser.c" 
gcc "-LC:\\Users\\nicol\\OneDrive\\Desktop\\tp3_windows" -o pruebaTp3.exe Controller.o Employee.o main.o parser.o utn.o -lLinkedList 
Info: Nothing to build for pruebaTp3
Info: Nothing to build for pruebaTp3
Info: Nothing to build for pruebaTp3
Info: Nothing to build for pruebaTp3
18:45:46 **** Incremental Build of configuration Debug for project pruebaTp3 ****
Info: Internal Builder is used for build
gcc -O0 -g3 -Wall -c -fmessage-length=0 -o main.o "..\\main.c" 
gcc "-LC:\\Users\\nicol\\OneDrive\\Desktop\\tp3_windows" -o pruebaTp3.exe Controller.o Employee.o main.o parser.o utn.o -lLinkedList 
Info: Nothing to build for pruebaTp3
18:51:54 **** Incremental Build of configuration Debug for project pruebaTp3 ****
Info: Internal Builder is used for build
gcc -O0 -g3 -Wall -c -fmessage-length=0 -o Employee.o "..\\Employee.c" 
gcc -O0 -g3 -Wall -c -fmessage-length=0 -o Controller.o "..\\Controller.c" 
gcc -O0 -g3 -Wall -c -fmessage-length=0 -o parser.o "..\\parser.c" 
gcc "-LC:\\Users\\nicol\\OneDrive\\Desktop\\tp3_windows" -o pruebaTp3.exe Controller.o Employee.o main.o parser.o utn.o -lLinkedList 
Info: Nothing to build for pruebaTp3
18:52:35 **** Incremental Build of configuration Debug for project pruebaTp3 ****
Info: Internal Builder is used for build
gcc -O0 -g3 -Wall -c -fmessage-length=0 -o main.o "..\\main.c" 
gcc "-LC:\\Users\\nicol\\OneDrive\\Desktop\\tp3_windows" -o pruebaTp3.exe Controller.o Employee.o main.o parser.o utn.o -lLinkedList 
Info: Nothing to build for pruebaTp3
18:54:54 **** Incremental Build of configuration Debug for project pruebaTp3 ****
Info: Internal Builder is used for build
gcc -O0 -g3 -Wall -c -fmessage-length=0 -o Controller.o "..\\Controller.c" 
gcc "-LC:\\Users\\nicol\\OneDrive\\Desktop\\tp3_windows" -o pruebaTp3.exe Controller.o Employee.o main.o parser.o utn.o -lLinkedList 
18:55:03 **** Incremental Build of configuration Debug for project pruebaTp3 ****
Info: Internal Builder is used for build
gcc -O0 -g3 -Wall -c -fmessage-length=0 -o main.o "..\\main.c" 
gcc "-LC:\\Users\\nicol\\OneDrive\\Desktop\\tp3_windows" -o pruebaTp3.exe Controller.o Employee.o main.o parser.o utn.o -lLinkedList 
Info: Nothing to build for pruebaTp3
18:55:38 **** Incremental Build of configuration Debug for project pruebaTp3 ****
Info: Internal Builder is used for build
gcc -O0 -g3 -Wall -c -fmessage-length=0 -o main.o "..\\main.c" 
gcc "-LC:\\Users\\nicol\\OneDrive\\Desktop\\tp3_windows" -o pruebaTp3.exe Controller.o Employee.o main.o parser.o utn.o -lLinkedList 
Info: Nothing to build for pruebaTp3
Info: Nothing to build for pruebaTp3
